2026-02-24 20:57:47 - root - INFO - Logging system initialized.
2026-02-24 20:57:47 - uvicorn.error - INFO - Started server process [10264]
2026-02-24 20:57:47 - uvicorn.error - INFO - Waiting for application startup.
2026-02-24 20:57:47 - sqlalchemy.engine.Engine - INFO - select pg_catalog.version()
2026-02-24 20:57:47 - sqlalchemy.engine.Engine - INFO - [raw sql] ()
2026-02-24 20:57:47 - sqlalchemy.engine.Engine - INFO - select current_schema()
2026-02-24 20:57:47 - sqlalchemy.engine.Engine - INFO - [raw sql] ()
2026-02-24 20:57:47 - sqlalchemy.engine.Engine - INFO - show standard_conforming_strings
2026-02-24 20:57:47 - sqlalchemy.engine.Engine - INFO - [raw sql] ()
2026-02-24 20:57:47 - sqlalchemy.engine.Engine - INFO - BEGIN (implicit)
2026-02-24 20:57:47 - sqlalchemy.engine.Engine - INFO - SELECT pg_catalog.pg_class.relname 
FROM pg_catalog.pg_class JOIN pg_catalog.pg_namespace ON pg_catalog.pg_namespace.oid = pg_catalog.pg_class.relnamespace 
WHERE pg_catalog.pg_class.relname = $1::VARCHAR AND pg_catalog.pg_class.relkind = ANY (ARRAY[$2::VARCHAR, $3::VARCHAR, $4::VARCHAR, $5::VARCHAR, $6::VARCHAR]) AND pg_catalog.pg_table_is_visible(pg_catalog.pg_class.oid) AND pg_catalog.pg_namespace.nspname != $7::VARCHAR
2026-02-24 20:57:47 - sqlalchemy.engine.Engine - INFO - [generated in 0.00095s] ('users', 'r', 'p', 'f', 'v', 'm', 'pg_catalog')
2026-02-24 20:57:47 - sqlalchemy.engine.Engine - INFO - SELECT pg_catalog.pg_class.relname 
FROM pg_catalog.pg_class JOIN pg_catalog.pg_namespace ON pg_catalog.pg_namespace.oid = pg_catalog.pg_class.relnamespace 
WHERE pg_catalog.pg_class.relname = $1::VARCHAR AND pg_catalog.pg_class.relkind = ANY (ARRAY[$2::VARCHAR, $3::VARCHAR, $4::VARCHAR, $5::VARCHAR, $6::VARCHAR]) AND pg_catalog.pg_table_is_visible(pg_catalog.pg_class.oid) AND pg_catalog.pg_namespace.nspname != $7::VARCHAR
2026-02-24 20:57:47 - sqlalchemy.engine.Engine - INFO - [cached since 0.02598s ago] ('bookings', 'r', 'p', 'f', 'v', 'm', 'pg_catalog')
2026-02-24 20:57:47 - sqlalchemy.engine.Engine - INFO - SELECT pg_catalog.pg_class.relname 
FROM pg_catalog.pg_class JOIN pg_catalog.pg_namespace ON pg_catalog.pg_namespace.oid = pg_catalog.pg_class.relnamespace 
WHERE pg_catalog.pg_class.relname = $1::VARCHAR AND pg_catalog.pg_class.relkind = ANY (ARRAY[$2::VARCHAR, $3::VARCHAR, $4::VARCHAR, $5::VARCHAR, $6::VARCHAR]) AND pg_catalog.pg_table_is_visible(pg_catalog.pg_class.oid) AND pg_catalog.pg_namespace.nspname != $7::VARCHAR
2026-02-24 20:57:47 - sqlalchemy.engine.Engine - INFO - [cached since 0.02755s ago] ('payments', 'r', 'p', 'f', 'v', 'm', 'pg_catalog')
2026-02-24 20:57:47 - sqlalchemy.engine.Engine - INFO - SELECT pg_catalog.pg_class.relname 
FROM pg_catalog.pg_class JOIN pg_catalog.pg_namespace ON pg_catalog.pg_namespace.oid = pg_catalog.pg_class.relnamespace 
WHERE pg_catalog.pg_class.relname = $1::VARCHAR AND pg_catalog.pg_class.relkind = ANY (ARRAY[$2::VARCHAR, $3::VARCHAR, $4::VARCHAR, $5::VARCHAR, $6::VARCHAR]) AND pg_catalog.pg_table_is_visible(pg_catalog.pg_class.oid) AND pg_catalog.pg_namespace.nspname != $7::VARCHAR
2026-02-24 20:57:47 - sqlalchemy.engine.Engine - INFO - [cached since 0.02884s ago] ('venues', 'r', 'p', 'f', 'v', 'm', 'pg_catalog')
2026-02-24 20:57:47 - sqlalchemy.engine.Engine - INFO - SELECT pg_catalog.pg_type.typname 
FROM pg_catalog.pg_type JOIN pg_catalog.pg_namespace ON pg_catalog.pg_namespace.oid = pg_catalog.pg_type.typnamespace 
WHERE pg_catalog.pg_type.typname = $1::VARCHAR AND pg_catalog.pg_type_is_visible(pg_catalog.pg_type.oid) AND pg_catalog.pg_namespace.nspname != $2::VARCHAR
2026-02-24 20:57:47 - sqlalchemy.engine.Engine - INFO - [generated in 0.00062s] ('bookingstatus', 'pg_catalog')
2026-02-24 20:57:47 - sqlalchemy.engine.Engine - INFO - CREATE TYPE bookingstatus AS ENUM ('PENDING', 'CONFIRMED', 'CANCELLED', 'COMPLETED')
2026-02-24 20:57:47 - sqlalchemy.engine.Engine - INFO - [no key 0.00057s] ()
2026-02-24 20:57:47 - sqlalchemy.engine.Engine - INFO - SELECT pg_catalog.pg_type.typname 
FROM pg_catalog.pg_type JOIN pg_catalog.pg_namespace ON pg_catalog.pg_namespace.oid = pg_catalog.pg_type.typnamespace 
WHERE pg_catalog.pg_type.typname = $1::VARCHAR AND pg_catalog.pg_type_is_visible(pg_catalog.pg_type.oid) AND pg_catalog.pg_namespace.nspname != $2::VARCHAR
2026-02-24 20:57:47 - sqlalchemy.engine.Engine - INFO - [cached since 0.05582s ago] ('paymentstatus', 'pg_catalog')
2026-02-24 20:57:47 - sqlalchemy.engine.Engine - INFO - CREATE TYPE paymentstatus AS ENUM ('PENDING', 'PAID', 'FAILED', 'REFUNDED')
2026-02-24 20:57:47 - sqlalchemy.engine.Engine - INFO - [no key 0.00030s] ()
2026-02-24 20:57:47 - sqlalchemy.engine.Engine - INFO - 
CREATE TABLE users (
	email VARCHAR NOT NULL, 
	full_name VARCHAR NOT NULL, 
	is_active BOOLEAN NOT NULL, 
	is_superuser BOOLEAN NOT NULL, 
	id SERIAL NOT NULL, 
	hashed_password VARCHAR NOT NULL, 
	created_at TIMESTAMP WITHOUT TIME ZONE NOT NULL, 
	updated_at TIMESTAMP WITHOUT TIME ZONE, 
	PRIMARY KEY (id)
)


2026-02-24 20:57:47 - sqlalchemy.engine.Engine - INFO - [no key 0.00056s] ()
2026-02-24 20:57:47 - sqlalchemy.engine.Engine - INFO - CREATE UNIQUE INDEX ix_users_email ON users (email)
2026-02-24 20:57:47 - sqlalchemy.engine.Engine - INFO - [no key 0.00112s] ()
2026-02-24 20:57:47 - sqlalchemy.engine.Engine - INFO - 
CREATE TABLE venues (
	name VARCHAR NOT NULL, 
	address VARCHAR NOT NULL, 
	description VARCHAR, 
	capacity INTEGER NOT NULL, 
	id SERIAL NOT NULL, 
	PRIMARY KEY (id)
)


2026-02-24 20:57:47 - sqlalchemy.engine.Engine - INFO - [no key 0.00154s] ()
2026-02-24 20:57:47 - sqlalchemy.engine.Engine - INFO - CREATE INDEX ix_venues_name ON venues (name)
2026-02-24 20:57:47 - sqlalchemy.engine.Engine - INFO - [no key 0.00307s] ()
2026-02-24 20:57:47 - sqlalchemy.engine.Engine - INFO - 
CREATE TABLE bookings (
	user_id INTEGER NOT NULL, 
	venue_id INTEGER NOT NULL, 
	start_time TIMESTAMP WITHOUT TIME ZONE NOT NULL, 
	end_time TIMESTAMP WITHOUT TIME ZONE NOT NULL, 
	status bookingstatus NOT NULL, 
	id SERIAL NOT NULL, 
	created_at TIMESTAMP WITHOUT TIME ZONE NOT NULL, 
	updated_at TIMESTAMP WITHOUT TIME ZONE, 
	PRIMARY KEY (id), 
	FOREIGN KEY(user_id) REFERENCES users (id), 
	FOREIGN KEY(venue_id) REFERENCES venues (id)
)


2026-02-24 20:57:47 - sqlalchemy.engine.Engine - INFO - [no key 0.00084s] ()
2026-02-24 20:57:47 - sqlalchemy.engine.Engine - INFO - 
CREATE TABLE payments (
	booking_id INTEGER NOT NULL, 
	amount FLOAT NOT NULL, 
	status paymentstatus NOT NULL, 
	id SERIAL NOT NULL, 
	created_at TIMESTAMP WITHOUT TIME ZONE NOT NULL, 
	PRIMARY KEY (id), 
	FOREIGN KEY(booking_id) REFERENCES bookings (id)
)


2026-02-24 20:57:47 - sqlalchemy.engine.Engine - INFO - [no key 0.00189s] ()
2026-02-24 20:57:47 - sqlalchemy.engine.Engine - INFO - COMMIT
2026-02-24 20:57:47 - uvicorn.error - INFO - Application startup complete.
2026-02-24 20:59:12 - uvicorn.error - INFO - Shutting down
2026-02-24 20:59:12 - uvicorn.error - INFO - Waiting for application shutdown.
2026-02-24 20:59:12 - uvicorn.error - INFO - Application shutdown complete.
2026-02-24 20:59:12 - uvicorn.error - INFO - Finished server process [10264]
2026-02-24 20:59:23 - root - INFO - Logging system initialized.
2026-02-24 20:59:23 - uvicorn.error - INFO - Started server process [15144]
2026-02-24 20:59:23 - uvicorn.error - INFO - Waiting for application startup.
2026-02-24 20:59:24 - sqlalchemy.engine.Engine - INFO - select pg_catalog.version()
2026-02-24 20:59:24 - sqlalchemy.engine.Engine - INFO - [raw sql] ()
2026-02-24 20:59:24 - sqlalchemy.engine.Engine - INFO - select current_schema()
2026-02-24 20:59:24 - sqlalchemy.engine.Engine - INFO - [raw sql] ()
2026-02-24 20:59:24 - sqlalchemy.engine.Engine - INFO - show standard_conforming_strings
2026-02-24 20:59:24 - sqlalchemy.engine.Engine - INFO - [raw sql] ()
2026-02-24 20:59:24 - sqlalchemy.engine.Engine - INFO - BEGIN (implicit)
2026-02-24 20:59:24 - sqlalchemy.engine.Engine - INFO - SELECT pg_catalog.pg_class.relname 
FROM pg_catalog.pg_class JOIN pg_catalog.pg_namespace ON pg_catalog.pg_namespace.oid = pg_catalog.pg_class.relnamespace 
WHERE pg_catalog.pg_class.relname = $1::VARCHAR AND pg_catalog.pg_class.relkind = ANY (ARRAY[$2::VARCHAR, $3::VARCHAR, $4::VARCHAR, $5::VARCHAR, $6::VARCHAR]) AND pg_catalog.pg_table_is_visible(pg_catalog.pg_class.oid) AND pg_catalog.pg_namespace.nspname != $7::VARCHAR
2026-02-24 20:59:24 - sqlalchemy.engine.Engine - INFO - [generated in 0.00115s] ('users', 'r', 'p', 'f', 'v', 'm', 'pg_catalog')
2026-02-24 20:59:24 - sqlalchemy.engine.Engine - INFO - SELECT pg_catalog.pg_class.relname 
FROM pg_catalog.pg_class JOIN pg_catalog.pg_namespace ON pg_catalog.pg_namespace.oid = pg_catalog.pg_class.relnamespace 
WHERE pg_catalog.pg_class.relname = $1::VARCHAR AND pg_catalog.pg_class.relkind = ANY (ARRAY[$2::VARCHAR, $3::VARCHAR, $4::VARCHAR, $5::VARCHAR, $6::VARCHAR]) AND pg_catalog.pg_table_is_visible(pg_catalog.pg_class.oid) AND pg_catalog.pg_namespace.nspname != $7::VARCHAR
2026-02-24 20:59:24 - sqlalchemy.engine.Engine - INFO - [cached since 0.01074s ago] ('bookings', 'r', 'p', 'f', 'v', 'm', 'pg_catalog')
2026-02-24 20:59:24 - sqlalchemy.engine.Engine - INFO - SELECT pg_catalog.pg_class.relname 
FROM pg_catalog.pg_class JOIN pg_catalog.pg_namespace ON pg_catalog.pg_namespace.oid = pg_catalog.pg_class.relnamespace 
WHERE pg_catalog.pg_class.relname = $1::VARCHAR AND pg_catalog.pg_class.relkind = ANY (ARRAY[$2::VARCHAR, $3::VARCHAR, $4::VARCHAR, $5::VARCHAR, $6::VARCHAR]) AND pg_catalog.pg_table_is_visible(pg_catalog.pg_class.oid) AND pg_catalog.pg_namespace.nspname != $7::VARCHAR
2026-02-24 20:59:24 - sqlalchemy.engine.Engine - INFO - [cached since 0.01261s ago] ('payments', 'r', 'p', 'f', 'v', 'm', 'pg_catalog')
2026-02-24 20:59:24 - sqlalchemy.engine.Engine - INFO - SELECT pg_catalog.pg_class.relname 
FROM pg_catalog.pg_class JOIN pg_catalog.pg_namespace ON pg_catalog.pg_namespace.oid = pg_catalog.pg_class.relnamespace 
WHERE pg_catalog.pg_class.relname = $1::VARCHAR AND pg_catalog.pg_class.relkind = ANY (ARRAY[$2::VARCHAR, $3::VARCHAR, $4::VARCHAR, $5::VARCHAR, $6::VARCHAR]) AND pg_catalog.pg_table_is_visible(pg_catalog.pg_class.oid) AND pg_catalog.pg_namespace.nspname != $7::VARCHAR
2026-02-24 20:59:24 - sqlalchemy.engine.Engine - INFO - [cached since 0.01428s ago] ('venues', 'r', 'p', 'f', 'v', 'm', 'pg_catalog')
2026-02-24 20:59:24 - sqlalchemy.engine.Engine - INFO - SELECT pg_catalog.pg_type.typname 
FROM pg_catalog.pg_type JOIN pg_catalog.pg_namespace ON pg_catalog.pg_namespace.oid = pg_catalog.pg_type.typnamespace 
WHERE pg_catalog.pg_type.typname = $1::VARCHAR AND pg_catalog.pg_type_is_visible(pg_catalog.pg_type.oid) AND pg_catalog.pg_namespace.nspname != $2::VARCHAR
2026-02-24 20:59:24 - sqlalchemy.engine.Engine - INFO - [generated in 0.00074s] ('bookingstatus', 'pg_catalog')
2026-02-24 20:59:24 - sqlalchemy.engine.Engine - INFO - SELECT pg_catalog.pg_type.typname 
FROM pg_catalog.pg_type JOIN pg_catalog.pg_namespace ON pg_catalog.pg_namespace.oid = pg_catalog.pg_type.typnamespace 
WHERE pg_catalog.pg_type.typname = $1::VARCHAR AND pg_catalog.pg_type_is_visible(pg_catalog.pg_type.oid) AND pg_catalog.pg_namespace.nspname != $2::VARCHAR
2026-02-24 20:59:24 - sqlalchemy.engine.Engine - INFO - [cached since 0.005613s ago] ('paymentstatus', 'pg_catalog')
2026-02-24 20:59:24 - sqlalchemy.engine.Engine - INFO - COMMIT
2026-02-24 20:59:24 - uvicorn.error - INFO - Application startup complete.
2026-02-24 21:05:58 - uvicorn.error - INFO - Shutting down
2026-02-24 21:05:58 - uvicorn.error - INFO - Waiting for application shutdown.
2026-02-24 21:05:58 - uvicorn.error - INFO - Application shutdown complete.
2026-02-24 21:05:58 - uvicorn.error - INFO - Finished server process [15144]
2026-02-24 21:06:01 - root - INFO - Logging system initialized.
2026-02-24 21:06:01 - uvicorn.error - INFO - Started server process [472]
2026-02-24 21:06:01 - uvicorn.error - INFO - Waiting for application startup.
2026-02-24 21:06:01 - sqlalchemy.engine.Engine - INFO - select pg_catalog.version()
2026-02-24 21:06:01 - sqlalchemy.engine.Engine - INFO - [raw sql] ()
2026-02-24 21:06:01 - sqlalchemy.engine.Engine - INFO - select current_schema()
2026-02-24 21:06:01 - sqlalchemy.engine.Engine - INFO - [raw sql] ()
2026-02-24 21:06:01 - sqlalchemy.engine.Engine - INFO - show standard_conforming_strings
2026-02-24 21:06:01 - sqlalchemy.engine.Engine - INFO - [raw sql] ()
2026-02-24 21:06:01 - sqlalchemy.engine.Engine - INFO - BEGIN (implicit)
2026-02-24 21:06:01 - sqlalchemy.engine.Engine - INFO - SELECT pg_catalog.pg_class.relname 
FROM pg_catalog.pg_class JOIN pg_catalog.pg_namespace ON pg_catalog.pg_namespace.oid = pg_catalog.pg_class.relnamespace 
WHERE pg_catalog.pg_class.relname = $1::VARCHAR AND pg_catalog.pg_class.relkind = ANY (ARRAY[$2::VARCHAR, $3::VARCHAR, $4::VARCHAR, $5::VARCHAR, $6::VARCHAR]) AND pg_catalog.pg_table_is_visible(pg_catalog.pg_class.oid) AND pg_catalog.pg_namespace.nspname != $7::VARCHAR
2026-02-24 21:06:01 - sqlalchemy.engine.Engine - INFO - [generated in 0.00079s] ('users', 'r', 'p', 'f', 'v', 'm', 'pg_catalog')
2026-02-24 21:06:01 - sqlalchemy.engine.Engine - INFO - SELECT pg_catalog.pg_class.relname 
FROM pg_catalog.pg_class JOIN pg_catalog.pg_namespace ON pg_catalog.pg_namespace.oid = pg_catalog.pg_class.relnamespace 
WHERE pg_catalog.pg_class.relname = $1::VARCHAR AND pg_catalog.pg_class.relkind = ANY (ARRAY[$2::VARCHAR, $3::VARCHAR, $4::VARCHAR, $5::VARCHAR, $6::VARCHAR]) AND pg_catalog.pg_table_is_visible(pg_catalog.pg_class.oid) AND pg_catalog.pg_namespace.nspname != $7::VARCHAR
2026-02-24 21:06:01 - sqlalchemy.engine.Engine - INFO - [cached since 0.01091s ago] ('bookings', 'r', 'p', 'f', 'v', 'm', 'pg_catalog')
2026-02-24 21:06:01 - sqlalchemy.engine.Engine - INFO - SELECT pg_catalog.pg_class.relname 
FROM pg_catalog.pg_class JOIN pg_catalog.pg_namespace ON pg_catalog.pg_namespace.oid = pg_catalog.pg_class.relnamespace 
WHERE pg_catalog.pg_class.relname = $1::VARCHAR AND pg_catalog.pg_class.relkind = ANY (ARRAY[$2::VARCHAR, $3::VARCHAR, $4::VARCHAR, $5::VARCHAR, $6::VARCHAR]) AND pg_catalog.pg_table_is_visible(pg_catalog.pg_class.oid) AND pg_catalog.pg_namespace.nspname != $7::VARCHAR
2026-02-24 21:06:01 - sqlalchemy.engine.Engine - INFO - [cached since 0.01256s ago] ('payments', 'r', 'p', 'f', 'v', 'm', 'pg_catalog')
2026-02-24 21:06:01 - sqlalchemy.engine.Engine - INFO - SELECT pg_catalog.pg_class.relname 
FROM pg_catalog.pg_class JOIN pg_catalog.pg_namespace ON pg_catalog.pg_namespace.oid = pg_catalog.pg_class.relnamespace 
WHERE pg_catalog.pg_class.relname = $1::VARCHAR AND pg_catalog.pg_class.relkind = ANY (ARRAY[$2::VARCHAR, $3::VARCHAR, $4::VARCHAR, $5::VARCHAR, $6::VARCHAR]) AND pg_catalog.pg_table_is_visible(pg_catalog.pg_class.oid) AND pg_catalog.pg_namespace.nspname != $7::VARCHAR
2026-02-24 21:06:01 - sqlalchemy.engine.Engine - INFO - [cached since 0.01437s ago] ('venues', 'r', 'p', 'f', 'v', 'm', 'pg_catalog')
2026-02-24 21:06:01 - sqlalchemy.engine.Engine - INFO - SELECT pg_catalog.pg_type.typname 
FROM pg_catalog.pg_type JOIN pg_catalog.pg_namespace ON pg_catalog.pg_namespace.oid = pg_catalog.pg_type.typnamespace 
WHERE pg_catalog.pg_type.typname = $1::VARCHAR AND pg_catalog.pg_type_is_visible(pg_catalog.pg_type.oid) AND pg_catalog.pg_namespace.nspname != $2::VARCHAR
2026-02-24 21:06:01 - sqlalchemy.engine.Engine - INFO - [generated in 0.00070s] ('bookingstatus', 'pg_catalog')
2026-02-24 21:06:01 - sqlalchemy.engine.Engine - INFO - SELECT pg_catalog.pg_type.typname 
FROM pg_catalog.pg_type JOIN pg_catalog.pg_namespace ON pg_catalog.pg_namespace.oid = pg_catalog.pg_type.typnamespace 
WHERE pg_catalog.pg_type.typname = $1::VARCHAR AND pg_catalog.pg_type_is_visible(pg_catalog.pg_type.oid) AND pg_catalog.pg_namespace.nspname != $2::VARCHAR
2026-02-24 21:06:01 - sqlalchemy.engine.Engine - INFO - [cached since 0.008469s ago] ('paymentstatus', 'pg_catalog')
2026-02-24 21:06:01 - sqlalchemy.engine.Engine - INFO - COMMIT
2026-02-24 21:06:01 - uvicorn.error - INFO - Application startup complete.
2026-02-24 21:06:28 - uvicorn.error - INFO - Shutting down
2026-02-24 21:06:29 - uvicorn.error - INFO - Waiting for application shutdown.
2026-02-24 21:06:29 - uvicorn.error - INFO - Application shutdown complete.
2026-02-24 21:06:29 - uvicorn.error - INFO - Finished server process [472]
2026-02-24 21:06:31 - root - INFO - Logging system initialized.
2026-02-24 21:06:31 - uvicorn.error - INFO - Started server process [24724]
2026-02-24 21:06:31 - uvicorn.error - INFO - Waiting for application startup.
2026-02-24 21:06:31 - sqlalchemy.engine.Engine - INFO - select pg_catalog.version()
2026-02-24 21:06:31 - sqlalchemy.engine.Engine - INFO - [raw sql] ()
2026-02-24 21:06:31 - sqlalchemy.engine.Engine - INFO - select current_schema()
2026-02-24 21:06:31 - sqlalchemy.engine.Engine - INFO - [raw sql] ()
2026-02-24 21:06:31 - sqlalchemy.engine.Engine - INFO - show standard_conforming_strings
2026-02-24 21:06:31 - sqlalchemy.engine.Engine - INFO - [raw sql] ()
2026-02-24 21:06:31 - sqlalchemy.engine.Engine - INFO - BEGIN (implicit)
2026-02-24 21:06:31 - sqlalchemy.engine.Engine - INFO - SELECT pg_catalog.pg_class.relname 
FROM pg_catalog.pg_class JOIN pg_catalog.pg_namespace ON pg_catalog.pg_namespace.oid = pg_catalog.pg_class.relnamespace 
WHERE pg_catalog.pg_class.relname = $1::VARCHAR AND pg_catalog.pg_class.relkind = ANY (ARRAY[$2::VARCHAR, $3::VARCHAR, $4::VARCHAR, $5::VARCHAR, $6::VARCHAR]) AND pg_catalog.pg_table_is_visible(pg_catalog.pg_class.oid) AND pg_catalog.pg_namespace.nspname != $7::VARCHAR
2026-02-24 21:06:31 - sqlalchemy.engine.Engine - INFO - [generated in 0.00084s] ('users', 'r', 'p', 'f', 'v', 'm', 'pg_catalog')
2026-02-24 21:06:31 - sqlalchemy.engine.Engine - INFO - SELECT pg_catalog.pg_class.relname 
FROM pg_catalog.pg_class JOIN pg_catalog.pg_namespace ON pg_catalog.pg_namespace.oid = pg_catalog.pg_class.relnamespace 
WHERE pg_catalog.pg_class.relname = $1::VARCHAR AND pg_catalog.pg_class.relkind = ANY (ARRAY[$2::VARCHAR, $3::VARCHAR, $4::VARCHAR, $5::VARCHAR, $6::VARCHAR]) AND pg_catalog.pg_table_is_visible(pg_catalog.pg_class.oid) AND pg_catalog.pg_namespace.nspname != $7::VARCHAR
2026-02-24 21:06:31 - sqlalchemy.engine.Engine - INFO - [cached since 0.01638s ago] ('bookings', 'r', 'p', 'f', 'v', 'm', 'pg_catalog')
2026-02-24 21:06:31 - sqlalchemy.engine.Engine - INFO - SELECT pg_catalog.pg_class.relname 
FROM pg_catalog.pg_class JOIN pg_catalog.pg_namespace ON pg_catalog.pg_namespace.oid = pg_catalog.pg_class.relnamespace 
WHERE pg_catalog.pg_class.relname = $1::VARCHAR AND pg_catalog.pg_class.relkind = ANY (ARRAY[$2::VARCHAR, $3::VARCHAR, $4::VARCHAR, $5::VARCHAR, $6::VARCHAR]) AND pg_catalog.pg_table_is_visible(pg_catalog.pg_class.oid) AND pg_catalog.pg_namespace.nspname != $7::VARCHAR
2026-02-24 21:06:31 - sqlalchemy.engine.Engine - INFO - [cached since 0.02215s ago] ('payments', 'r', 'p', 'f', 'v', 'm', 'pg_catalog')
2026-02-24 21:06:31 - sqlalchemy.engine.Engine - INFO - SELECT pg_catalog.pg_class.relname 
FROM pg_catalog.pg_class JOIN pg_catalog.pg_namespace ON pg_catalog.pg_namespace.oid = pg_catalog.pg_class.relnamespace 
WHERE pg_catalog.pg_class.relname = $1::VARCHAR AND pg_catalog.pg_class.relkind = ANY (ARRAY[$2::VARCHAR, $3::VARCHAR, $4::VARCHAR, $5::VARCHAR, $6::VARCHAR]) AND pg_catalog.pg_table_is_visible(pg_catalog.pg_class.oid) AND pg_catalog.pg_namespace.nspname != $7::VARCHAR
2026-02-24 21:06:31 - sqlalchemy.engine.Engine - INFO - [cached since 0.02535s ago] ('venues', 'r', 'p', 'f', 'v', 'm', 'pg_catalog')
2026-02-24 21:06:31 - sqlalchemy.engine.Engine - INFO - SELECT pg_catalog.pg_type.typname 
FROM pg_catalog.pg_type JOIN pg_catalog.pg_namespace ON pg_catalog.pg_namespace.oid = pg_catalog.pg_type.typnamespace 
WHERE pg_catalog.pg_type.typname = $1::VARCHAR AND pg_catalog.pg_type_is_visible(pg_catalog.pg_type.oid) AND pg_catalog.pg_namespace.nspname != $2::VARCHAR
2026-02-24 21:06:31 - sqlalchemy.engine.Engine - INFO - [generated in 0.00109s] ('bookingstatus', 'pg_catalog')
2026-02-24 21:06:31 - sqlalchemy.engine.Engine - INFO - SELECT pg_catalog.pg_type.typname 
FROM pg_catalog.pg_type JOIN pg_catalog.pg_namespace ON pg_catalog.pg_namespace.oid = pg_catalog.pg_type.typnamespace 
WHERE pg_catalog.pg_type.typname = $1::VARCHAR AND pg_catalog.pg_type_is_visible(pg_catalog.pg_type.oid) AND pg_catalog.pg_namespace.nspname != $2::VARCHAR
2026-02-24 21:06:31 - sqlalchemy.engine.Engine - INFO - [cached since 0.01062s ago] ('paymentstatus', 'pg_catalog')
2026-02-24 21:06:31 - sqlalchemy.engine.Engine - INFO - COMMIT
2026-02-24 21:06:31 - Bootstrap - INFO - Application successfully started
2026-02-24 21:06:31 - uvicorn.error - INFO - Application startup complete.
2026-02-24 21:06:47 - uvicorn.error - INFO - Shutting down
2026-02-24 21:06:47 - uvicorn.error - INFO - Waiting for application shutdown.
2026-02-24 21:06:47 - uvicorn.error - INFO - Application shutdown complete.
2026-02-24 21:06:47 - uvicorn.error - INFO - Finished server process [24724]
2026-02-24 21:06:49 - root - INFO - Logging system initialized.
2026-02-24 21:06:49 - uvicorn.error - INFO - Started server process [26424]
2026-02-24 21:06:49 - uvicorn.error - INFO - Waiting for application startup.
2026-02-24 21:06:49 - sqlalchemy.engine.Engine - INFO - select pg_catalog.version()
2026-02-24 21:06:49 - sqlalchemy.engine.Engine - INFO - [raw sql] ()
2026-02-24 21:06:49 - sqlalchemy.engine.Engine - INFO - select current_schema()
2026-02-24 21:06:49 - sqlalchemy.engine.Engine - INFO - [raw sql] ()
2026-02-24 21:06:49 - sqlalchemy.engine.Engine - INFO - show standard_conforming_strings
2026-02-24 21:06:49 - sqlalchemy.engine.Engine - INFO - [raw sql] ()
2026-02-24 21:06:49 - sqlalchemy.engine.Engine - INFO - BEGIN (implicit)
2026-02-24 21:06:49 - sqlalchemy.engine.Engine - INFO - SELECT pg_catalog.pg_class.relname 
FROM pg_catalog.pg_class JOIN pg_catalog.pg_namespace ON pg_catalog.pg_namespace.oid = pg_catalog.pg_class.relnamespace 
WHERE pg_catalog.pg_class.relname = $1::VARCHAR AND pg_catalog.pg_class.relkind = ANY (ARRAY[$2::VARCHAR, $3::VARCHAR, $4::VARCHAR, $5::VARCHAR, $6::VARCHAR]) AND pg_catalog.pg_table_is_visible(pg_catalog.pg_class.oid) AND pg_catalog.pg_namespace.nspname != $7::VARCHAR
2026-02-24 21:06:49 - sqlalchemy.engine.Engine - INFO - [generated in 0.00068s] ('users', 'r', 'p', 'f', 'v', 'm', 'pg_catalog')
2026-02-24 21:06:49 - sqlalchemy.engine.Engine - INFO - SELECT pg_catalog.pg_class.relname 
FROM pg_catalog.pg_class JOIN pg_catalog.pg_namespace ON pg_catalog.pg_namespace.oid = pg_catalog.pg_class.relnamespace 
WHERE pg_catalog.pg_class.relname = $1::VARCHAR AND pg_catalog.pg_class.relkind = ANY (ARRAY[$2::VARCHAR, $3::VARCHAR, $4::VARCHAR, $5::VARCHAR, $6::VARCHAR]) AND pg_catalog.pg_table_is_visible(pg_catalog.pg_class.oid) AND pg_catalog.pg_namespace.nspname != $7::VARCHAR
2026-02-24 21:06:49 - sqlalchemy.engine.Engine - INFO - [cached since 0.01135s ago] ('bookings', 'r', 'p', 'f', 'v', 'm', 'pg_catalog')
2026-02-24 21:06:49 - sqlalchemy.engine.Engine - INFO - SELECT pg_catalog.pg_class.relname 
FROM pg_catalog.pg_class JOIN pg_catalog.pg_namespace ON pg_catalog.pg_namespace.oid = pg_catalog.pg_class.relnamespace 
WHERE pg_catalog.pg_class.relname = $1::VARCHAR AND pg_catalog.pg_class.relkind = ANY (ARRAY[$2::VARCHAR, $3::VARCHAR, $4::VARCHAR, $5::VARCHAR, $6::VARCHAR]) AND pg_catalog.pg_table_is_visible(pg_catalog.pg_class.oid) AND pg_catalog.pg_namespace.nspname != $7::VARCHAR
2026-02-24 21:06:49 - sqlalchemy.engine.Engine - INFO - [cached since 0.01351s ago] ('payments', 'r', 'p', 'f', 'v', 'm', 'pg_catalog')
2026-02-24 21:06:49 - sqlalchemy.engine.Engine - INFO - SELECT pg_catalog.pg_class.relname 
FROM pg_catalog.pg_class JOIN pg_catalog.pg_namespace ON pg_catalog.pg_namespace.oid = pg_catalog.pg_class.relnamespace 
WHERE pg_catalog.pg_class.relname = $1::VARCHAR AND pg_catalog.pg_class.relkind = ANY (ARRAY[$2::VARCHAR, $3::VARCHAR, $4::VARCHAR, $5::VARCHAR, $6::VARCHAR]) AND pg_catalog.pg_table_is_visible(pg_catalog.pg_class.oid) AND pg_catalog.pg_namespace.nspname != $7::VARCHAR
2026-02-24 21:06:49 - sqlalchemy.engine.Engine - INFO - [cached since 0.01518s ago] ('venues', 'r', 'p', 'f', 'v', 'm', 'pg_catalog')
2026-02-24 21:06:49 - sqlalchemy.engine.Engine - INFO - SELECT pg_catalog.pg_type.typname 
FROM pg_catalog.pg_type JOIN pg_catalog.pg_namespace ON pg_catalog.pg_namespace.oid = pg_catalog.pg_type.typnamespace 
WHERE pg_catalog.pg_type.typname = $1::VARCHAR AND pg_catalog.pg_type_is_visible(pg_catalog.pg_type.oid) AND pg_catalog.pg_namespace.nspname != $2::VARCHAR
2026-02-24 21:06:49 - sqlalchemy.engine.Engine - INFO - [generated in 0.00067s] ('bookingstatus', 'pg_catalog')
2026-02-24 21:06:49 - sqlalchemy.engine.Engine - INFO - SELECT pg_catalog.pg_type.typname 
FROM pg_catalog.pg_type JOIN pg_catalog.pg_namespace ON pg_catalog.pg_namespace.oid = pg_catalog.pg_type.typnamespace 
WHERE pg_catalog.pg_type.typname = $1::VARCHAR AND pg_catalog.pg_type_is_visible(pg_catalog.pg_type.oid) AND pg_catalog.pg_namespace.nspname != $2::VARCHAR
2026-02-24 21:06:49 - sqlalchemy.engine.Engine - INFO - [cached since 0.005347s ago] ('paymentstatus', 'pg_catalog')
2026-02-24 21:06:49 - sqlalchemy.engine.Engine - INFO - COMMIT
2026-02-24 21:06:50 - Bootstrap - INFO - Starting FastAPI Basic Solution...
2026-02-24 21:06:50 - Bootstrap - INFO - Initializing database connection pool...
2026-02-24 21:06:50 - Bootstrap - INFO - Database connection established successfully.
2026-02-24 21:06:50 - Bootstrap - INFO - Application successfully started
2026-02-24 21:06:50 - uvicorn.error - INFO - Application startup complete.
2026-02-24 21:06:56 - uvicorn.error - INFO - Shutting down
2026-02-24 21:06:56 - uvicorn.error - INFO - Waiting for application shutdown.
2026-02-24 21:06:56 - uvicorn.error - INFO - Application shutdown complete.
2026-02-24 21:06:56 - uvicorn.error - INFO - Finished server process [26424]
2026-02-24 21:06:58 - root - INFO - Logging system initialized.
2026-02-24 21:06:58 - uvicorn.error - INFO - Started server process [16164]
2026-02-24 21:06:58 - uvicorn.error - INFO - Waiting for application startup.
2026-02-24 21:06:58 - sqlalchemy.engine.Engine - INFO - select pg_catalog.version()
2026-02-24 21:06:58 - sqlalchemy.engine.Engine - INFO - [raw sql] ()
2026-02-24 21:06:58 - sqlalchemy.engine.Engine - INFO - select current_schema()
2026-02-24 21:06:58 - sqlalchemy.engine.Engine - INFO - [raw sql] ()
2026-02-24 21:06:58 - sqlalchemy.engine.Engine - INFO - show standard_conforming_strings
2026-02-24 21:06:58 - sqlalchemy.engine.Engine - INFO - [raw sql] ()
2026-02-24 21:06:58 - sqlalchemy.engine.Engine - INFO - BEGIN (implicit)
2026-02-24 21:06:58 - sqlalchemy.engine.Engine - INFO - SELECT pg_catalog.pg_class.relname 
FROM pg_catalog.pg_class JOIN pg_catalog.pg_namespace ON pg_catalog.pg_namespace.oid = pg_catalog.pg_class.relnamespace 
WHERE pg_catalog.pg_class.relname = $1::VARCHAR AND pg_catalog.pg_class.relkind = ANY (ARRAY[$2::VARCHAR, $3::VARCHAR, $4::VARCHAR, $5::VARCHAR, $6::VARCHAR]) AND pg_catalog.pg_table_is_visible(pg_catalog.pg_class.oid) AND pg_catalog.pg_namespace.nspname != $7::VARCHAR
2026-02-24 21:06:58 - sqlalchemy.engine.Engine - INFO - [generated in 0.00068s] ('users', 'r', 'p', 'f', 'v', 'm', 'pg_catalog')
2026-02-24 21:06:58 - sqlalchemy.engine.Engine - INFO - SELECT pg_catalog.pg_class.relname 
FROM pg_catalog.pg_class JOIN pg_catalog.pg_namespace ON pg_catalog.pg_namespace.oid = pg_catalog.pg_class.relnamespace 
WHERE pg_catalog.pg_class.relname = $1::VARCHAR AND pg_catalog.pg_class.relkind = ANY (ARRAY[$2::VARCHAR, $3::VARCHAR, $4::VARCHAR, $5::VARCHAR, $6::VARCHAR]) AND pg_catalog.pg_table_is_visible(pg_catalog.pg_class.oid) AND pg_catalog.pg_namespace.nspname != $7::VARCHAR
2026-02-24 21:06:58 - sqlalchemy.engine.Engine - INFO - [cached since 0.01139s ago] ('bookings', 'r', 'p', 'f', 'v', 'm', 'pg_catalog')
2026-02-24 21:06:58 - sqlalchemy.engine.Engine - INFO - SELECT pg_catalog.pg_class.relname 
FROM pg_catalog.pg_class JOIN pg_catalog.pg_namespace ON pg_catalog.pg_namespace.oid = pg_catalog.pg_class.relnamespace 
WHERE pg_catalog.pg_class.relname = $1::VARCHAR AND pg_catalog.pg_class.relkind = ANY (ARRAY[$2::VARCHAR, $3::VARCHAR, $4::VARCHAR, $5::VARCHAR, $6::VARCHAR]) AND pg_catalog.pg_table_is_visible(pg_catalog.pg_class.oid) AND pg_catalog.pg_namespace.nspname != $7::VARCHAR
2026-02-24 21:06:58 - sqlalchemy.engine.Engine - INFO - [cached since 0.01363s ago] ('payments', 'r', 'p', 'f', 'v', 'm', 'pg_catalog')
2026-02-24 21:06:58 - sqlalchemy.engine.Engine - INFO - SELECT pg_catalog.pg_class.relname 
FROM pg_catalog.pg_class JOIN pg_catalog.pg_namespace ON pg_catalog.pg_namespace.oid = pg_catalog.pg_class.relnamespace 
WHERE pg_catalog.pg_class.relname = $1::VARCHAR AND pg_catalog.pg_class.relkind = ANY (ARRAY[$2::VARCHAR, $3::VARCHAR, $4::VARCHAR, $5::VARCHAR, $6::VARCHAR]) AND pg_catalog.pg_table_is_visible(pg_catalog.pg_class.oid) AND pg_catalog.pg_namespace.nspname != $7::VARCHAR
2026-02-24 21:06:58 - sqlalchemy.engine.Engine - INFO - [cached since 0.01585s ago] ('venues', 'r', 'p', 'f', 'v', 'm', 'pg_catalog')
2026-02-24 21:06:58 - sqlalchemy.engine.Engine - INFO - SELECT pg_catalog.pg_type.typname 
FROM pg_catalog.pg_type JOIN pg_catalog.pg_namespace ON pg_catalog.pg_namespace.oid = pg_catalog.pg_type.typnamespace 
WHERE pg_catalog.pg_type.typname = $1::VARCHAR AND pg_catalog.pg_type_is_visible(pg_catalog.pg_type.oid) AND pg_catalog.pg_namespace.nspname != $2::VARCHAR
2026-02-24 21:06:58 - sqlalchemy.engine.Engine - INFO - [generated in 0.00061s] ('bookingstatus', 'pg_catalog')
2026-02-24 21:06:58 - sqlalchemy.engine.Engine - INFO - SELECT pg_catalog.pg_type.typname 
FROM pg_catalog.pg_type JOIN pg_catalog.pg_namespace ON pg_catalog.pg_namespace.oid = pg_catalog.pg_type.typnamespace 
WHERE pg_catalog.pg_type.typname = $1::VARCHAR AND pg_catalog.pg_type_is_visible(pg_catalog.pg_type.oid) AND pg_catalog.pg_namespace.nspname != $2::VARCHAR
2026-02-24 21:06:58 - sqlalchemy.engine.Engine - INFO - [cached since 0.005402s ago] ('paymentstatus', 'pg_catalog')
2026-02-24 21:06:58 - sqlalchemy.engine.Engine - INFO - COMMIT
2026-02-24 21:06:58 - Bootstrap - INFO - Starting FastAPI Basic Solution...
2026-02-24 21:06:58 - Bootstrap - INFO - Initializing database connection pool...
2026-02-24 21:06:58 - Bootstrap - INFO - Database connection established successfully.
2026-02-24 21:06:58 - Bootstrap - INFO - Application successfully started
2026-02-24 21:06:58 - uvicorn.error - INFO - Application startup complete.
2026-02-24 21:06:58 - uvicorn.error - INFO - Shutting down
2026-02-24 21:06:58 - uvicorn.error - INFO - Waiting for application shutdown.
2026-02-24 21:06:58 - uvicorn.error - INFO - Application shutdown complete.
2026-02-24 21:06:58 - uvicorn.error - INFO - Finished server process [16164]
